This is pdfTeX, Version 3.14159265-2.6-1.40.15 (TeX Live 2014) (preloaded format=pdflatex 2014.12.5)  20 JUN 2015 15:30
entering extended mode
 restricted \write18 enabled.
 file:line:error style messages enabled.
 %&-line parsing enabled.
**thesis.tex
(./thesis.tex
LaTeX2e <2014/05/01>
Babel <3.9l> and hyphenation patterns for 79 languages loaded.
(./ut-thesis.cls
Document Class: ut-thesis 2012/06/01 v2.0 graduate theses at the University of 
Toronto
\@thesisfootnotesep=\skip41
\@thesismarginparpush=\skip42
(/usr/local/texlive/2014/texmf-dist/tex/latex/base/report.cls
Document Class: report 2014/09/29 v1.4h Standard LaTeX document class
(/usr/local/texlive/2014/texmf-dist/tex/latex/base/size10.clo
File: size10.clo 2014/09/29 v1.4h Standard LaTeX file (size option)
)
\c@part=\count79
\c@chapter=\count80
\c@section=\count81
\c@subsection=\count82
\c@subsubsection=\count83
\c@paragraph=\count84
\c@subparagraph=\count85
\c@figure=\count86
\c@table=\count87
\abovecaptionskip=\skip43
\belowcaptionskip=\skip44
\bibindent=\dimen102
)
(/usr/local/texlive/2014/texmf-dist/tex/latex/tools/calc.sty
Package: calc 2014/10/28 v4.3 Infix arithmetic (KKT,FJ)
\calc@Acount=\count88
\calc@Bcount=\count89
\calc@Adimen=\dimen103
\calc@Bdimen=\dimen104
\calc@Askip=\skip45
\calc@Bskip=\skip46
LaTeX Info: Redefining \setlength on input line 75.
LaTeX Info: Redefining \addtolength on input line 76.
\calc@Ccount=\count90
\calc@Cskip=\skip47
)
(/usr/local/texlive/2014/texmf-dist/tex/latex/geometry/geometry.sty
Package: geometry 2010/09/12 v5.6 Page Geometry

(/usr/local/texlive/2014/texmf-dist/tex/latex/graphics/keyval.sty
Package: keyval 2014/10/28 v1.15 key=value parser (DPC)
\KV@toks@=\toks14
)
(/usr/local/texlive/2014/texmf-dist/tex/generic/oberdiek/ifpdf.sty
Package: ifpdf 2011/01/30 v2.3 Provides the ifpdf switch (HO)
Package ifpdf Info: pdfTeX in PDF mode is detected.
)
(/usr/local/texlive/2014/texmf-dist/tex/generic/oberdiek/ifvtex.sty
Package: ifvtex 2010/03/01 v1.5 Detect VTeX and its facilities (HO)
Package ifvtex Info: VTeX not detected.
)
(/usr/local/texlive/2014/texmf-dist/tex/generic/ifxetex/ifxetex.sty
Package: ifxetex 2010/09/12 v0.6 Provides ifxetex conditional
)
\Gm@cnth=\count91
\Gm@cntv=\count92
\c@Gm@tempcnt=\count93
\Gm@bindingoffset=\dimen105
\Gm@wd@mp=\dimen106
\Gm@odd@mp=\dimen107
\Gm@even@mp=\dimen108
\Gm@layoutwidth=\dimen109
\Gm@layoutheight=\dimen110
\Gm@layouthoffset=\dimen111
\Gm@layoutvoffset=\dimen112
\Gm@dimlist=\toks15
)
(/usr/local/texlive/2014/texmf-dist/tex/latex/setspace/setspace.sty
Package: setspace 2011/12/19 v6.7a set line spacing
))
(/usr/local/texlive/2014/texmf-dist/tex/latex/graphics/graphicx.sty
Package: graphicx 2014/10/28 v1.0g Enhanced LaTeX Graphics (DPC,SPQR)

(/usr/local/texlive/2014/texmf-dist/tex/latex/graphics/graphics.sty
Package: graphics 2014/10/28 v1.0p Standard LaTeX Graphics (DPC,SPQR)

(/usr/local/texlive/2014/texmf-dist/tex/latex/graphics/trig.sty
Package: trig 1999/03/16 v1.09 sin cos tan (DPC)
)
(/usr/local/texlive/2014/texmf-dist/tex/latex/latexconfig/graphics.cfg
File: graphics.cfg 2010/04/23 v1.9 graphics configuration of TeX Live
)
Package graphics Info: Driver file: pdftex.def on input line 91.

(/usr/local/texlive/2014/texmf-dist/tex/latex/pdftex-def/pdftex.def
File: pdftex.def 2011/05/27 v0.06d Graphics/color for pdfTeX

(/usr/local/texlive/2014/texmf-dist/tex/generic/oberdiek/infwarerr.sty
Package: infwarerr 2010/04/08 v1.3 Providing info/warning/error messages (HO)
)
(/usr/local/texlive/2014/texmf-dist/tex/generic/oberdiek/ltxcmds.sty
Package: ltxcmds 2011/11/09 v1.22 LaTeX kernel commands for general use (HO)
)
\Gread@gobject=\count94
))
\Gin@req@height=\dimen113
\Gin@req@width=\dimen114
)
(/usr/local/texlive/2014/texmf-dist/tex/latex/amsmath/amsmath.sty
Package: amsmath 2013/01/14 v2.14 AMS math features
\@mathmargin=\skip48

For additional information on amsmath, use the `?' option.
(/usr/local/texlive/2014/texmf-dist/tex/latex/amsmath/amstext.sty
Package: amstext 2000/06/29 v2.01

(/usr/local/texlive/2014/texmf-dist/tex/latex/amsmath/amsgen.sty
File: amsgen.sty 1999/11/30 v2.0
\@emptytoks=\toks16
\ex@=\dimen115
))
(/usr/local/texlive/2014/texmf-dist/tex/latex/amsmath/amsbsy.sty
Package: amsbsy 1999/11/29 v1.2d
\pmbraise@=\dimen116
)
(/usr/local/texlive/2014/texmf-dist/tex/latex/amsmath/amsopn.sty
Package: amsopn 1999/12/14 v2.01 operator names
)
\inf@bad=\count95
LaTeX Info: Redefining \frac on input line 210.
\uproot@=\count96
\leftroot@=\count97
LaTeX Info: Redefining \overline on input line 306.
\classnum@=\count98
\DOTSCASE@=\count99
LaTeX Info: Redefining \ldots on input line 378.
LaTeX Info: Redefining \dots on input line 381.
LaTeX Info: Redefining \cdots on input line 466.
\Mathstrutbox@=\box26
\strutbox@=\box27
\big@size=\dimen117
LaTeX Font Info:    Redeclaring font encoding OML on input line 566.
LaTeX Font Info:    Redeclaring font encoding OMS on input line 567.
\macc@depth=\count100
\c@MaxMatrixCols=\count101
\dotsspace@=\muskip10
\c@parentequation=\count102
\dspbrk@lvl=\count103
\tag@help=\toks17
\row@=\count104
\column@=\count105
\maxfields@=\count106
\andhelp@=\toks18
\eqnshift@=\dimen118
\alignsep@=\dimen119
\tagshift@=\dimen120
\tagwidth@=\dimen121
\totwidth@=\dimen122
\lineht@=\dimen123
\@envbody=\toks19
\multlinegap=\skip49
\multlinetaggap=\skip50
\mathdisplay@stack=\toks20
LaTeX Info: Redefining \[ on input line 2665.
LaTeX Info: Redefining \] on input line 2666.
)
(/usr/local/texlive/2014/texmf-dist/tex/latex/cool/cool.sty
Package: cool 2006/12/29 v1.35 COntent Oriented LaTeX

(/usr/local/texlive/2014/texmf-dist/tex/latex/base/ifthen.sty
Package: ifthen 2014/09/29 v1.1c Standard LaTeX ifthen package (DPC)
)
(/usr/local/texlive/2014/texmf-dist/tex/latex/coollist/coollist.sty
Package: coollist 2009/09/20 v1.4 COntent Oriented LaTeX Lists

(/usr/local/texlive/2014/texmf-dist/tex/latex/amsfonts/amssymb.sty
Package: amssymb 2013/01/14 v3.01 AMS font symbols

(/usr/local/texlive/2014/texmf-dist/tex/latex/amsfonts/amsfonts.sty
Package: amsfonts 2013/01/14 v3.01 Basic AMSFonts support
\symAMSa=\mathgroup4
\symAMSb=\mathgroup5
LaTeX Font Info:    Overwriting math alphabet `\mathfrak' in version `bold'
(Font)                  U/euf/m/n --> U/euf/b/n on input line 106.
))
(/usr/local/texlive/2014/texmf-dist/tex/latex/coolstr/coolstr.sty
Package: coolstr 2009/09/09 v2.2 COntent Oriented LaTeX Strings
\c@COOL@strlen=\count107
\c@COOL@strpointer=\count108
\c@COOL@str@index=\count109
\c@COOL@str@start=\count110
\c@COOL@str@end=\count111
)
(/usr/local/texlive/2014/texmf-dist/tex/latex/forloop/forloop.sty
Package: forloop 2006/09/18 v3.0 For Loops for LaTeX
)
\c@COOL@listlen=\count112
\c@COOL@listpointer=\count113
\c@COOL@intsum=\count114
\c@COOL@register@ct=\count115
\c@COOL@register@len=\count116
)
(/usr/local/texlive/2014/texmf-dist/tex/latex/bbm-macros/bbm.sty
Package: bbm 1999/03/15 V 1.2 provides fonts for set symbols - TH
LaTeX Font Info:    Overwriting math alphabet `\mathbbm' in version `bold'
(Font)                  U/bbm/m/n --> U/bbm/bx/n on input line 33.
LaTeX Font Info:    Overwriting math alphabet `\mathbbmss' in version `bold'
(Font)                  U/bbmss/m/n --> U/bbmss/bx/n on input line 35.
)
\c@COOL@ct=\count117
\c@COOL@ct@=\count118
\c@COOL@multideriv=\count119
\c@COOL@row=\count120
\c@COOL@col=\count121
)
(/usr/local/texlive/2014/texmf-dist/tex/latex/hyperref/hyperref.sty
Package: hyperref 2012/11/06 v6.83m Hypertext links for LaTeX

(/usr/local/texlive/2014/texmf-dist/tex/generic/oberdiek/hobsub-hyperref.sty
Package: hobsub-hyperref 2012/05/28 v1.13 Bundle oberdiek, subset hyperref (HO)


(/usr/local/texlive/2014/texmf-dist/tex/generic/oberdiek/hobsub-generic.sty
Package: hobsub-generic 2012/05/28 v1.13 Bundle oberdiek, subset generic (HO)
Package: hobsub 2012/05/28 v1.13 Construct package bundles (HO)
Package hobsub Info: Skipping package `infwarerr' (already loaded).
Package hobsub Info: Skipping package `ltxcmds' (already loaded).
Package: ifluatex 2010/03/01 v1.3 Provides the ifluatex switch (HO)
Package ifluatex Info: LuaTeX not detected.
Package hobsub Info: Skipping package `ifvtex' (already loaded).
Package: intcalc 2007/09/27 v1.1 Expandable calculations with integers (HO)
Package hobsub Info: Skipping package `ifpdf' (already loaded).
Package: etexcmds 2011/02/16 v1.5 Avoid name clashes with e-TeX commands (HO)
Package etexcmds Info: Could not find \expanded.
(etexcmds)             That can mean that you are not using pdfTeX 1.50 or
(etexcmds)             that some package has redefined \expanded.
(etexcmds)             In the latter case, load this package earlier.
Package: kvsetkeys 2012/04/25 v1.16 Key value parser (HO)
Package: kvdefinekeys 2011/04/07 v1.3 Define keys (HO)
Package: pdftexcmds 2011/11/29 v0.20 Utility functions of pdfTeX for LuaTeX (HO
)
Package pdftexcmds Info: LuaTeX not detected.
Package pdftexcmds Info: \pdf@primitive is available.
Package pdftexcmds Info: \pdf@ifprimitive is available.
Package pdftexcmds Info: \pdfdraftmode found.
Package: pdfescape 2011/11/25 v1.13 Implements pdfTeX's escape features (HO)
Package: bigintcalc 2012/04/08 v1.3 Expandable calculations on big integers (HO
)
Package: bitset 2011/01/30 v1.1 Handle bit-vector datatype (HO)
Package: uniquecounter 2011/01/30 v1.2 Provide unlimited unique counter (HO)
)
Package hobsub Info: Skipping package `hobsub' (already loaded).
Package: letltxmacro 2010/09/02 v1.4 Let assignment for LaTeX macros (HO)
Package: hopatch 2012/05/28 v1.2 Wrapper for package hooks (HO)
Package: xcolor-patch 2011/01/30 xcolor patch
Package: atveryend 2011/06/30 v1.8 Hooks at the very end of document (HO)
Package atveryend Info: \enddocument detected (standard20110627).
Package: atbegshi 2011/10/05 v1.16 At begin shipout hook (HO)
Package: refcount 2011/10/16 v3.4 Data extraction from label references (HO)
Package: hycolor 2011/01/30 v1.7 Color options for hyperref/bookmark (HO)
)
(/usr/local/texlive/2014/texmf-dist/tex/latex/oberdiek/auxhook.sty
Package: auxhook 2011/03/04 v1.3 Hooks for auxiliary files (HO)
)
(/usr/local/texlive/2014/texmf-dist/tex/latex/oberdiek/kvoptions.sty
Package: kvoptions 2011/06/30 v3.11 Key value format for package options (HO)
)
\@linkdim=\dimen124
\Hy@linkcounter=\count122
\Hy@pagecounter=\count123

(/usr/local/texlive/2014/texmf-dist/tex/latex/hyperref/pd1enc.def
File: pd1enc.def 2012/11/06 v6.83m Hyperref: PDFDocEncoding definition (HO)
)
\Hy@SavedSpaceFactor=\count124

(/usr/local/texlive/2014/texmf-dist/tex/latex/latexconfig/hyperref.cfg
File: hyperref.cfg 2002/06/06 v1.2 hyperref configuration of TeXLive
)
Package hyperref Info: Hyper figures OFF on input line 4443.
Package hyperref Info: Link nesting OFF on input line 4448.
Package hyperref Info: Hyper index ON on input line 4451.
Package hyperref Info: Plain pages OFF on input line 4458.
Package hyperref Info: Backreferencing OFF on input line 4463.
Package hyperref Info: Implicit mode ON; LaTeX internals redefined.
Package hyperref Info: Bookmarks ON on input line 4688.
\c@Hy@tempcnt=\count125

(/usr/local/texlive/2014/texmf-dist/tex/latex/url/url.sty
\Urlmuskip=\muskip11
Package: url 2013/09/16  ver 3.4  Verb mode for urls, etc.
)
LaTeX Info: Redefining \url on input line 5041.
\XeTeXLinkMargin=\dimen125
\Fld@menulength=\count126
\Field@Width=\dimen126
\Fld@charsize=\dimen127
Package hyperref Info: Hyper figures OFF on input line 6295.
Package hyperref Info: Link nesting OFF on input line 6300.
Package hyperref Info: Hyper index ON on input line 6303.
Package hyperref Info: backreferencing OFF on input line 6310.
Package hyperref Info: Link coloring OFF on input line 6315.
Package hyperref Info: Link coloring with OCG OFF on input line 6320.
Package hyperref Info: PDF/A mode OFF on input line 6325.
LaTeX Info: Redefining \ref on input line 6365.
LaTeX Info: Redefining \pageref on input line 6369.
\Hy@abspage=\count127
\c@Item=\count128
\c@Hfootnote=\count129
)

Package hyperref Message: Driver (autodetected): hpdftex.

(/usr/local/texlive/2014/texmf-dist/tex/latex/hyperref/hpdftex.def
File: hpdftex.def 2012/11/06 v6.83m Hyperref driver for pdfTeX
\Fld@listcount=\count130
\c@bookmark@seq@number=\count131

(/usr/local/texlive/2014/texmf-dist/tex/latex/oberdiek/rerunfilecheck.sty
Package: rerunfilecheck 2011/04/15 v1.7 Rerun checks for auxiliary files (HO)
Package uniquecounter Info: New unique counter `rerunfilecheck' on input line 2
82.
)
\Hy@SectionHShift=\skip51
)
(/usr/local/texlive/2014/texmf-dist/tex/latex/natbib/natbib.sty
Package: natbib 2010/09/13 8.31b (PWD, AO)
\bibhang=\skip52
\bibsep=\skip53
LaTeX Info: Redefining \cite on input line 694.
\c@NAT@ctr=\count132
)
(/usr/local/texlive/2014/texmf-dist/tex/latex/caption/caption.sty
Package: caption 2013/05/02 v3.3-89 Customizing captions (AR)

(/usr/local/texlive/2014/texmf-dist/tex/latex/caption/caption3.sty
Package: caption3 2013/05/02 v1.6-88 caption3 kernel (AR)
Package caption3 Info: TeX engine: e-TeX on input line 57.
\captionmargin=\dimen128
\captionmargin@=\dimen129
\captionwidth=\dimen130
\caption@tempdima=\dimen131
\caption@indent=\dimen132
\caption@parindent=\dimen133
\caption@hangindent=\dimen134
)
\c@ContinuedFloat=\count133
Package caption Info: hyperref package is loaded.
)
(/usr/local/texlive/2014/texmf-dist/tex/latex/caption/subcaption.sty
Package: subcaption 2013/02/03 v1.1-62 Sub-captions (AR)
\c@subfigure=\count134
\c@subtable=\count135
)
(/usr/local/texlive/2014/texmf-dist/tex/latex/lineno/lineno.sty
Package: lineno 2005/11/02 line numbers on paragraphs v4.41
\linenopenalty=\count136
\output=\toks21
\linenoprevgraf=\count137
\linenumbersep=\dimen135
\linenumberwidth=\dimen136
\c@linenumber=\count138
\c@pagewiselinenumber=\count139
\c@LN@truepage=\count140
\c@internallinenumber=\count141
\c@internallinenumbers=\count142
\quotelinenumbersep=\dimen137
\bframerule=\dimen138
\bframesep=\dimen139
\bframebox=\box28
LaTeX Info: Redefining \\ on input line 3056.
)
(/usr/local/texlive/2014/texmf-dist/tex/latex/stmaryrd/stmaryrd.sty
Package: stmaryrd 1994/03/03 St Mary's Road symbol package
\symstmry=\mathgroup6
LaTeX Font Info:    Overwriting symbol font `stmry' in version `bold'
(Font)                  U/stmry/m/n --> U/stmry/b/n on input line 89.
)
(/usr/local/texlive/2014/texmf-dist/tex/latex/multirow/multirow.sty
\bigstrutjot=\dimen140
)
(./thesis.aux (./Chapter1/chapter1.aux) (./Chapter2/chapter2.aux)
(./Chapter3/chapter3.aux) (./Chapter4/chapter4.aux) (./Chapter5/chapter5.aux)
(./Chapter6/chapter6.aux) (./Appendix1/appendix1.aux)
(./Appendix2/appendix2.aux))
\openout1 = `thesis.aux'.

LaTeX Font Info:    Checking defaults for OML/cmm/m/it on input line 131.
LaTeX Font Info:    ... okay on input line 131.
LaTeX Font Info:    Checking defaults for T1/cmr/m/n on input line 131.
LaTeX Font Info:    ... okay on input line 131.
LaTeX Font Info:    Checking defaults for OT1/cmr/m/n on input line 131.
LaTeX Font Info:    ... okay on input line 131.
LaTeX Font Info:    Checking defaults for OMS/cmsy/m/n on input line 131.
LaTeX Font Info:    ... okay on input line 131.
LaTeX Font Info:    Checking defaults for OMX/cmex/m/n on input line 131.
LaTeX Font Info:    ... okay on input line 131.
LaTeX Font Info:    Checking defaults for U/cmr/m/n on input line 131.
LaTeX Font Info:    ... okay on input line 131.
LaTeX Font Info:    Checking defaults for PD1/pdf/m/n on input line 131.
LaTeX Font Info:    ... okay on input line 131.

*geometry* driver: auto-detecting
*geometry* detected driver: pdftex
*geometry* verbose mode - [ preamble ] result:
* driver: pdftex
* paper: <default>
* layout: <same size as paper>
* layoutoffset:(h,v)=(0.0pt,0.0pt)
* modes: twoside 
* h-part:(L,W,R)=(90.3375pt, 451.68752pt, 72.26999pt)
* v-part:(T,H,B)=(72.26999pt, 650.43001pt, 72.26999pt)
* \paperwidth=614.295pt
* \paperheight=794.96999pt
* \textwidth=451.68752pt
* \textheight=650.43001pt
* \oddsidemargin=18.0675pt
* \evensidemargin=0.0pt
* \topmargin=-36.135pt
* \headheight=12.0pt
* \headsep=24.135pt
* \topskip=10.0pt
* \footskip=36.135pt
* \marginparwidth=54.2025pt
* \marginparsep=9.03374pt
* \columnsep=10.0pt
* \skip\footins=9.0pt plus 4.0pt minus 2.0pt
* \hoffset=0.0pt
* \voffset=0.0pt
* \mag=1000
* \@twocolumnfalse
* \@twosidetrue
* \@mparswitchtrue
* \@reversemarginfalse
* (1in=72.27pt=25.4mm, 1cm=28.453pt)

(/usr/local/texlive/2014/texmf-dist/tex/context/base/supp-pdf.mkii
[Loading MPS to PDF converter (version 2006.09.02).]
\scratchcounter=\count143
\scratchdimen=\dimen141
\scratchbox=\box29
\nofMPsegments=\count144
\nofMParguments=\count145
\everyMPshowfont=\toks22
\MPscratchCnt=\count146
\MPscratchDim=\dimen142
\MPnumerator=\count147
\makeMPintoPDFobject=\count148
\everyMPtoPDFconversion=\toks23
) (/usr/local/texlive/2014/texmf-dist/tex/latex/oberdiek/epstopdf-base.sty
Package: epstopdf-base 2010/02/09 v2.5 Base part for package epstopdf

(/usr/local/texlive/2014/texmf-dist/tex/latex/oberdiek/grfext.sty
Package: grfext 2010/08/19 v1.1 Manage graphics extensions (HO)
)
Package grfext Info: Graphics extension search list:
(grfext)             [.png,.pdf,.jpg,.mps,.jpeg,.jbig2,.jb2,.PNG,.PDF,.JPG,.JPE
G,.JBIG2,.JB2,.eps]
(grfext)             \AppendGraphicsExtensions on input line 452.

(/usr/local/texlive/2014/texmf-dist/tex/latex/latexconfig/epstopdf-sys.cfg
File: epstopdf-sys.cfg 2010/07/13 v1.3 Configuration of (r)epstopdf for TeX Liv
e
))
\AtBeginShipoutBox=\box30
Package hyperref Info: Link coloring OFF on input line 131.

(/usr/local/texlive/2014/texmf-dist/tex/latex/hyperref/nameref.sty
Package: nameref 2012/10/27 v2.43 Cross-referencing by name of section

(/usr/local/texlive/2014/texmf-dist/tex/generic/oberdiek/gettitlestring.sty
Package: gettitlestring 2010/12/03 v1.4 Cleanup title references (HO)
)
\c@section@level=\count149
)
LaTeX Info: Redefining \ref on input line 131.
LaTeX Info: Redefining \pageref on input line 131.
LaTeX Info: Redefining \nameref on input line 131.

(./thesis.out) (./thesis.out)
\@outlinefile=\write3
\openout3 = `thesis.out'.

Package caption Info: Begin \AtBeginDocument code.
Package caption Info: End \AtBeginDocument code.
LaTeX Font Info:    Try loading font information for OMS+cmr on input line 138.


(/usr/local/texlive/2014/texmf-dist/tex/latex/base/omscmr.fd
File: omscmr.fd 2014/09/29 v2.5h Standard LaTeX font definitions
)
LaTeX Font Info:    Font shape `OMS/cmr/m/n' in size <12> not available
(Font)              Font shape `OMS/cmsy/m/n' tried instead on input line 138.
 [1

{/usr/local/texlive/2014/texmf-var/fonts/map/pdftex/updmap/pdftex.map}] [2

]
(./Abstract/Abstract.tex) [3] [4

] (./thesis.toc
LaTeX Font Info:    Try loading font information for U+msa on input line 3.

(/usr/local/texlive/2014/texmf-dist/tex/latex/amsfonts/umsa.fd
File: umsa.fd 2013/01/14 v3.01 AMS symbols A
)
LaTeX Font Info:    Try loading font information for U+msb on input line 3.

(/usr/local/texlive/2014/texmf-dist/tex/latex/amsfonts/umsb.fd
File: umsb.fd 2013/01/14 v3.01 AMS symbols B
)
LaTeX Font Info:    Try loading font information for U+stmry on input line 3.

(/usr/local/texlive/2014/texmf-dist/tex/latex/stmaryrd/Ustmry.fd) [5])
\tf@toc=\write4
\openout4 = `thesis.toc'.

 [6]
\openout2 = `Chapter1/chapter1.aux'.


(./Chapter1/chapter1.tex
Chapter 1.


pdfTeX warning: /usr/texbin/pdflatex (file ./Chapter1/Figures/Mercury.pdf): PDF
 inclusion: found PDF version <1.6>, but at most version <1.5> allowed
<Chapter1/Figures/Mercury.pdf, id=391, 499.69296pt x 187.29172pt>
File: Chapter1/Figures/Mercury.pdf Graphic file (type pdf)

<use Chapter1/Figures/Mercury.pdf>
Package pdftex.def Info: Chapter1/Figures/Mercury.pdf used on input line 19.
(pdftex.def)             Requested size: 212.29367pt x 79.57077pt.


pdfTeX warning: /usr/texbin/pdflatex (file ./Chapter1/Figures/Earth.pdf): PDF i
nclusion: found PDF version <1.6>, but at most version <1.5> allowed
<Chapter1/Figures/Earth.pdf, id=396, 499.69296pt x 187.29172pt>
File: Chapter1/Figures/Earth.pdf Graphic file (type pdf)

<use Chapter1/Figures/Earth.pdf>
Package pdftex.def Info: Chapter1/Figures/Earth.pdf used on input line 24.
(pdftex.def)             Requested size: 212.29367pt x 79.57077pt.


pdfTeX warning: /usr/texbin/pdflatex (file ./Chapter1/Figures/Jupiter.pdf): PDF
 inclusion: found PDF version <1.6>, but at most version <1.5> allowed
<Chapter1/Figures/Jupiter.pdf, id=401, 499.69296pt x 187.29172pt>
File: Chapter1/Figures/Jupiter.pdf Graphic file (type pdf)

<use Chapter1/Figures/Jupiter.pdf>
Package pdftex.def Info: Chapter1/Figures/Jupiter.pdf used on input line 29.
(pdftex.def)             Requested size: 212.29367pt x 79.57077pt.


pdfTeX warning: /usr/texbin/pdflatex (file ./Chapter1/Figures/Saturn.pdf): PDF 
inclusion: found PDF version <1.6>, but at most version <1.5> allowed
<Chapter1/Figures/Saturn.pdf, id=406, 499.69296pt x 187.29172pt>
File: Chapter1/Figures/Saturn.pdf Graphic file (type pdf)

<use Chapter1/Figures/Saturn.pdf>
Package pdftex.def Info: Chapter1/Figures/Saturn.pdf used on input line 34.
(pdftex.def)             Requested size: 212.29367pt x 79.57077pt.


pdfTeX warning: /usr/texbin/pdflatex (file ./Chapter1/Figures/Uranus.pdf): PDF 
inclusion: found PDF version <1.6>, but at most version <1.5> allowed
<Chapter1/Figures/Uranus.pdf, id=411, 499.69296pt x 187.29172pt>
File: Chapter1/Figures/Uranus.pdf Graphic file (type pdf)

<use Chapter1/Figures/Uranus.pdf>
Package pdftex.def Info: Chapter1/Figures/Uranus.pdf used on input line 39.
(pdftex.def)             Requested size: 212.29367pt x 79.57077pt.


pdfTeX warning: /usr/texbin/pdflatex (file ./Chapter1/Figures/Neptune.pdf): PDF
 inclusion: found PDF version <1.6>, but at most version <1.5> allowed
<Chapter1/Figures/Neptune.pdf, id=416, 499.69296pt x 187.29172pt>
File: Chapter1/Figures/Neptune.pdf Graphic file (type pdf)

<use Chapter1/Figures/Neptune.pdf>
Package pdftex.def Info: Chapter1/Figures/Neptune.pdf used on input line 44.
(pdftex.def)             Requested size: 212.29367pt x 79.57077pt.
 [1



] [2 <./Chapter1/Figures/Mercury.pdf> <./Chapter1/Figures/Earth.pdf

pdfTeX warning: /usr/texbin/pdflatex (file ./Chapter1/Figures/Earth.pdf): PDF i
nclusion: multiple pdfs with page group included in a single page
> <./Chapter1/Figures/Jupiter.pdf

pdfTeX warning: /usr/texbin/pdflatex (file ./Chapter1/Figures/Jupiter.pdf): PDF
 inclusion: multiple pdfs with page group included in a single page
> <./Chapter1/Figures/Saturn.pdf

pdfTeX warning: /usr/texbin/pdflatex (file ./Chapter1/Figures/Saturn.pdf): PDF 
inclusion: multiple pdfs with page group included in a single page
> <./Chapter1/Figures/Uranus.pdf

pdfTeX warning: /usr/texbin/pdflatex (file ./Chapter1/Figures/Uranus.pdf): PDF 
inclusion: multiple pdfs with page group included in a single page
> <./Chapter1/Figures/Neptune.pdf

pdfTeX warning: /usr/texbin/pdflatex (file ./Chapter1/Figures/Neptune.pdf): PDF
 inclusion: multiple pdfs with page group included in a single page
>]) [3]
\openout2 = `Chapter2/chapter2.aux'.

 (./Chapter2/chapter2.tex [4



]
Chapter 2.
[5] [6] [7]
Underfull \vbox (badness 2293) has occurred while \output is active []

 [8]
[9] <Chapter2/figures/Rolls.png, id=909, 695.59875pt x 686.565pt>
File: Chapter2/figures/Rolls.png Graphic file (type png)

<use Chapter2/figures/Rolls.png>
Package pdftex.def Info: Chapter2/figures/Rolls.png used on input line 197.
(pdftex.def)             Requested size: 293.59412pt x 289.78009pt.
 [10]
Underfull \vbox (badness 10000) has occurred while \output is active []

 [11 <./Chapter2/figures/Rolls.png>]
Underfull \vbox (badness 4341) has occurred while \output is active []

 [12]
<Chapter2/figures/CutawayEarth.png, id=951, 419.6478pt x 422.0568pt>
File: Chapter2/figures/CutawayEarth.png Graphic file (type png)

<use Chapter2/figures/CutawayEarth.png>
Package pdftex.def Info: Chapter2/figures/CutawayEarth.png used on input line 2
64.
(pdftex.def)             Requested size: 271.01526pt x 272.58195pt.

Underfull \vbox (badness 10000) has occurred while \output is active []

 [13]
[14 <./Chapter2/figures/CutawayEarth.png>] [15] [16] [17] [18]
Underfull \vbox (badness 10000) has occurred while \output is active []

 [19]
[20]) [21]
\openout2 = `Chapter3/chapter3.aux'.

 (./Chapter3/chapter3.tex [22



]
Chapter 3.

Underfull \vbox (badness 10000) has occurred while \output is active []

 [23]
<Chapter3/Figures/ExoplanetsMass.pdf, id=1148, 779.91376pt x 779.91376pt>
File: Chapter3/Figures/ExoplanetsMass.pdf Graphic file (type pdf)

<use Chapter3/Figures/ExoplanetsMass.pdf>
Package pdftex.def Info: Chapter3/Figures/ExoplanetsMass.pdf used on input line
 18.
(pdftex.def)             Requested size: 451.68752pt x 451.68387pt.

<Chapter3/Figures/ExoplanetsMassRadius.pdf, id=1156, 779.91376pt x 779.91376pt>
File: Chapter3/Figures/ExoplanetsMassRadius.pdf Graphic file (type pdf)
<use Chapter3/Figures/ExoplanetsMassRadius.pdf>
Package pdftex.def Info: Chapter3/Figures/ExoplanetsMassRadius.pdf used on inpu
t line 26.
(pdftex.def)             Requested size: 451.68752pt x 451.68387pt.
Package epstopdf Info: Source file: <Chapter3/Figures/EnergyGap.eps>
(epstopdf)                    date: 2015-04-07 20:01:20
(epstopdf)                    size: 1164722 bytes
(epstopdf)             Output file: <Chapter3/Figures/EnergyGap-eps-converted-t
o.pdf>
(epstopdf)                    date: 2015-04-07 20:01:27
(epstopdf)                    size: 18070 bytes
(epstopdf)             Command: <repstopdf --outfile=Chapter3/Figures/EnergyGap
-eps-converted-to.pdf Chapter3/Figures/EnergyGap.eps>
(epstopdf)             \includegraphics on input line 40.
Package epstopdf Info: Output file is already uptodate.

<Chapter3/Figures/EnergyGap-eps-converted-to.pdf, id=1175, 670.505pt x 485.815p
t>
File: Chapter3/Figures/EnergyGap-eps-converted-to.pdf Graphic file (type pdf)
 <use Chapter3/Figures/EnergyGap-eps-converted-to.pdf>
Package pdftex.def Info: Chapter3/Figures/EnergyGap-eps-converted-to.pdf used o
n input line 40.
(pdftex.def)             Requested size: 271.01526pt x 196.36111pt.
 [24] [25 <./Chapter3/Figures/ExoplanetsMass.pdf>] [26 <./Chapter3/Figures/Exop
lanetsMassRadius.pdf>]
[27 <./Chapter3/Figures/EnergyGap-eps-converted-to.pdf>]
Underfull \vbox (badness 10000) has occurred while \output is active []

 [28]
[29]
Underfull \vbox (badness 10000) has occurred while \output is active []

 [30]
Package epstopdf Info: Source file: <Chapter3/Figures/f1.eps>
(epstopdf)                    date: 2012-11-15 14:45:20
(epstopdf)                    size: 775454 bytes
(epstopdf)             Output file: <Chapter3/Figures/f1-eps-converted-to.pdf>
(epstopdf)                    date: 2014-12-12 15:14:25
(epstopdf)                    size: 53362 bytes
(epstopdf)             Command: <repstopdf --outfile=Chapter3/Figures/f1-eps-co
nverted-to.pdf Chapter3/Figures/f1.eps>
(epstopdf)             \includegraphics on input line 92.
Package epstopdf Info: Output file is already uptodate.

<Chapter3/Figures/f1-eps-converted-to.pdf, id=1329, 284.06125pt x 300.12125pt>
File: Chapter3/Figures/f1-eps-converted-to.pdf Graphic file (type pdf)

<use Chapter3/Figures/f1-eps-converted-to.pdf>
Package pdftex.def Info: Chapter3/Figures/f1-eps-converted-to.pdf used on input
 line 92.
(pdftex.def)             Requested size: 271.01526pt x 286.36375pt.
 [31 <./Chapter3/Figures/f1-eps-converted-to.pdf>]
Package epstopdf Info: Source file: <Chapter3/Figures/f2.eps>
(epstopdf)                    date: 2012-11-15 14:44:08
(epstopdf)                    size: 2324818 bytes
(epstopdf)             Output file: <Chapter3/Figures/f2-eps-converted-to.pdf>
(epstopdf)                    date: 2014-12-12 15:14:27
(epstopdf)                    size: 335281 bytes
(epstopdf)             Command: <repstopdf --outfile=Chapter3/Figures/f2-eps-co
nverted-to.pdf Chapter3/Figures/f2.eps>
(epstopdf)             \includegraphics on input line 102.
Package epstopdf Info: Output file is already uptodate.

<Chapter3/Figures/f2-eps-converted-to.pdf, id=1379, 569.12625pt x 337.26pt>
File: Chapter3/Figures/f2-eps-converted-to.pdf Graphic file (type pdf)

<use Chapter3/Figures/f2-eps-converted-to.pdf>
Package pdftex.def Info: Chapter3/Figures/f2-eps-converted-to.pdf used on input
 line 102.
(pdftex.def)             Requested size: 361.35138pt x 214.14227pt.
Package epstopdf Info: Source file: <Chapter3/Figures/f3a.eps>
(epstopdf)                    date: 2014-12-12 15:14:04
(epstopdf)                    size: 833826 bytes
(epstopdf)             Output file: <Chapter3/Figures/f3a-eps-converted-to.pdf>

(epstopdf)                    date: 2014-12-12 15:14:29
(epstopdf)                    size: 41954 bytes
(epstopdf)             Command: <repstopdf --outfile=Chapter3/Figures/f3a-eps-c
onverted-to.pdf Chapter3/Figures/f3a.eps>
(epstopdf)             \includegraphics on input line 111.
Package epstopdf Info: Output file is already uptodate.

<Chapter3/Figures/f3a-eps-converted-to.pdf, id=1382, 532.99126pt x 406.51875pt>
File: Chapter3/Figures/f3a-eps-converted-to.pdf Graphic file (type pdf)
<use Chapter3/Figures/f3a-eps-converted-to.pdf>
Package pdftex.def Info: Chapter3/Figures/f3a-eps-converted-to.pdf used on inpu
t line 111.
(pdftex.def)             Requested size: 316.17987pt x 241.159pt.
Package epstopdf Info: Source file: <Chapter3/Figures/f3b.eps>
(epstopdf)                    date: 2014-12-12 15:13:59
(epstopdf)                    size: 832926 bytes
(epstopdf)             Output file: <Chapter3/Figures/f3b-eps-converted-to.pdf>

(epstopdf)                    date: 2014-12-12 15:14:30
(epstopdf)                    size: 40368 bytes
(epstopdf)             Command: <repstopdf --outfile=Chapter3/Figures/f3b-eps-c
onverted-to.pdf Chapter3/Figures/f3b.eps>
(epstopdf)             \includegraphics on input line 117.
Package epstopdf Info: Output file is already uptodate.

<Chapter3/Figures/f3b-eps-converted-to.pdf, id=1383, 532.99126pt x 406.51875pt>
File: Chapter3/Figures/f3b-eps-converted-to.pdf Graphic file (type pdf)
<use Chapter3/Figures/f3b-eps-converted-to.pdf>
Package pdftex.def Info: Chapter3/Figures/f3b-eps-converted-to.pdf used on inpu
t line 117.
(pdftex.def)             Requested size: 316.17987pt x 241.159pt.
Package epstopdf Info: Source file: <Chapter3/Figures/f3c.eps>
(epstopdf)                    date: 2014-12-12 15:13:55
(epstopdf)                    size: 834062 bytes
(epstopdf)             Output file: <Chapter3/Figures/f3c-eps-converted-to.pdf>

(epstopdf)                    date: 2014-12-12 15:14:32
(epstopdf)                    size: 41507 bytes
(epstopdf)             Command: <repstopdf --outfile=Chapter3/Figures/f3c-eps-c
onverted-to.pdf Chapter3/Figures/f3c.eps>
(epstopdf)             \includegraphics on input line 123.
Package epstopdf Info: Output file is already uptodate.

<Chapter3/Figures/f3c-eps-converted-to.pdf, id=1384, 532.99126pt x 406.51875pt>
File: Chapter3/Figures/f3c-eps-converted-to.pdf Graphic file (type pdf)
<use Chapter3/Figures/f3c-eps-converted-to.pdf>
Package pdftex.def Info: Chapter3/Figures/f3c-eps-converted-to.pdf used on inpu
t line 123.
(pdftex.def)             Requested size: 316.17987pt x 241.159pt.
 [32 <./Chapter3/Figures/f2-eps-converted-to.pdf>] [33 <./Chapter3/Figures/f3a-
eps-converted-to.pdf> <./Chapter3/Figures/f3b-eps-converted-to.pdf>] [34 <./Cha
pter3/Figures/f3c-eps-converted-to.pdf>]
Package epstopdf Info: Source file: <Chapter3/Figures/f4.eps>
(epstopdf)                    date: 2012-11-15 14:58:20
(epstopdf)                    size: 818442 bytes
(epstopdf)             Output file: <Chapter3/Figures/f4-eps-converted-to.pdf>
(epstopdf)                    date: 2014-12-12 15:16:39
(epstopdf)                    size: 34715 bytes
(epstopdf)             Command: <repstopdf --outfile=Chapter3/Figures/f4-eps-co
nverted-to.pdf Chapter3/Figures/f4.eps>
(epstopdf)             \includegraphics on input line 146.
Package epstopdf Info: Output file is already uptodate.

<Chapter3/Figures/f4-eps-converted-to.pdf, id=1437, 537.00626pt x 407.5225pt>
File: Chapter3/Figures/f4-eps-converted-to.pdf Graphic file (type pdf)

<use Chapter3/Figures/f4-eps-converted-to.pdf>
Package pdftex.def Info: Chapter3/Figures/f4-eps-converted-to.pdf used on input
 line 146.
(pdftex.def)             Requested size: 316.17987pt x 239.93872pt.

Underfull \vbox (badness 1796) has occurred while \output is active []

 [35 <./Chapter3/Figures/f4-eps-converted-to.pdf>]) [36]
\openout2 = `Chapter4/chapter4.aux'.

 (./Chapter4/chapter4.tex
Chapter 4.
[37



] [38] <Chapter4/figures/Mercury_br.pdf, id=1518, 578.16pt x 200.75pt>
File: Chapter4/figures/Mercury_br.pdf Graphic file (type pdf)

<use Chapter4/figures/Mercury_br.pdf>
Package pdftex.def Info: Chapter4/figures/Mercury_br.pdf used on input line 27.

(pdftex.def)             Requested size: 451.68752pt x 156.83554pt.
 [39 <./Chapter4/figures/Mercury_br.pdf>]
Underfull \vbox (badness 10000) has occurred while \output is active []

 [40]
[41] <Chapter4/figures/setup.pdf, id=1667, 574.145pt x 309.155pt>
File: Chapter4/figures/setup.pdf Graphic file (type pdf)

<use Chapter4/figures/setup.pdf>
Package pdftex.def Info: Chapter4/figures/setup.pdf used on input line 73.
(pdftex.def)             Requested size: 480.0pt x 258.46663pt.

Overfull \hbox (28.31248pt too wide) in paragraph at lines 73--74
 [] 
 []

[42]
Underfull \vbox (badness 1540) has occurred while \output is active []

 [43 <./Chapter4/figures/setup.pdf>] (./Chapter4/Tables/TabRuns.tex) [44]
<Chapter4/figures/wz19_043_2500_00.pdf, id=1730, 346.29375pt x 295.1025pt>
File: Chapter4/figures/wz19_043_2500_00.pdf Graphic file (type pdf)

<use Chapter4/figures/wz19_043_2500_00.pdf>
Package pdftex.def Info: Chapter4/figures/wz19_043_2500_00.pdf used on input li
ne 119.
(pdftex.def)             Requested size: 271.01526pt x 230.95801pt.

<Chapter4/figures/uxtpavg19_043_2460-2530.pdf, id=1732, 474.27188pt x 370.36467
pt>
File: Chapter4/figures/uxtpavg19_043_2460-2530.pdf Graphic file (type pdf)
 <use Chapter4/figures/uxtpavg19_043_2460-2530.pdf>
Package pdftex.def Info: Chapter4/figures/uxtpavg19_043_2460-2530.pdf used on i
nput line 128.
(pdftex.def)             Requested size: 271.01526pt x 211.64691pt.
 [45] [46 <./Chapter4/figures/wz19_043_2500_00.pdf> <./Chapter4/figures/uxtpavg
19_043_2460-2530.pdf

pdfTeX warning: /usr/texbin/pdflatex (file ./Chapter4/figures/uxtpavg19_043_246
0-2530.pdf): PDF inclusion: multiple pdfs with page group included in a single 
page
>] <Chapter4/figures/aximaggen.pdf, id=1818, 338.93324pt x 524.45938pt>
File: Chapter4/figures/aximaggen.pdf Graphic file (type pdf)

<use Chapter4/figures/aximaggen.pdf>
Package pdftex.def Info: Chapter4/figures/aximaggen.pdf used on input line 139.

(pdftex.def)             Requested size: 316.17987pt x 489.28668pt.

<Chapter4/figures/BTorPolEarth.pdf, id=1822, 288.4105pt x 252.2755pt>
File: Chapter4/figures/BTorPolEarth.pdf Graphic file (type pdf)

<use Chapter4/figures/BTorPolEarth.pdf>
Package pdftex.def Info: Chapter4/figures/BTorPolEarth.pdf used on input line 1
48.
(pdftex.def)             Requested size: 271.01526pt x 237.062pt.

<Chapter4/figures/Brad_dim.pdf, id=1824, 418.14017pt x 451.08926pt>
File: Chapter4/figures/Brad_dim.pdf Graphic file (type pdf)

<use Chapter4/figures/Brad_dim.pdf>
Package pdftex.def Info: Chapter4/figures/Brad_dim.pdf used on input line 156.
(pdftex.def)             Requested size: 451.68752pt x 487.29305pt.

<Chapter4/figures/powermodel.pdf, id=1833, 415.5525pt x 324.42105pt>
File: Chapter4/figures/powermodel.pdf Graphic file (type pdf)

<use Chapter4/figures/powermodel.pdf>
Package pdftex.def Info: Chapter4/figures/powermodel.pdf used on input line 165
.
(pdftex.def)             Requested size: 360.0pt x 281.06091pt.

<Chapter4/figures/g10g20.pdf, id=1838, 570.13pt x 440.64626pt>
File: Chapter4/figures/g10g20.pdf Graphic file (type pdf)

<use Chapter4/figures/g10g20.pdf>
Package pdftex.def Info: Chapter4/figures/g10g20.pdf used on input line 174.
(pdftex.def)             Requested size: 360.0pt x 278.24063pt.
 [47] [48 <./Chapter4/figures/aximaggen.pdf>]
<Chapter4/figures/Schematic-Toroidal.pdf, id=1925, 377.41pt x 396.48125pt>
File: Chapter4/figures/Schematic-Toroidal.pdf Graphic file (type pdf)

<use Chapter4/figures/Schematic-Toroidal.pdf>
Package pdftex.def Info: Chapter4/figures/Schematic-Toroidal.pdf used on input 
line 188.
(pdftex.def)             Requested size: 360.0pt x 378.1917pt.

<Chapter4/figures/Schematic-Poloidal.pdf, id=1927, 396.14699pt x 371.87029pt>
File: Chapter4/figures/Schematic-Poloidal.pdf Graphic file (type pdf)

<use Chapter4/figures/Schematic-Poloidal.pdf>
Package pdftex.def Info: Chapter4/figures/Schematic-Poloidal.pdf used on input 
line 197.
(pdftex.def)             Requested size: 360.0pt x 337.95421pt.

Underfull \vbox (badness 10000) has occurred while \output is active []

 [49 <./Chapter4/figures/BTorPolEarth.pdf>] [50 <./Chapter4/figures/Brad_dim.pd
f>]
[51 <./Chapter4/figures/powermodel.pdf>] [52 <./Chapter4/figures/g10g20.pdf>]
[53 <./Chapter4/figures/Schematic-Toroidal.pdf>] [54 <./Chapter4/figures/Schema
tic-Poloidal.pdf>]
Underfull \vbox (badness 1769) has occurred while \output is active []

 [55]
[56]) [57]
\openout2 = `Chapter5/chapter5.aux'.

 (./Chapter5/chapter5.tex [58



]
Chapter 5.
[59] [60] [61] [62]
Underfull \vbox (badness 10000) has occurred while \output is active []

 [63]
<Chapter5/Figures/Structure.pdf, id=2305, 1942.47705pt x 885.69395pt>
File: Chapter5/Figures/Structure.pdf Graphic file (type pdf)

<use Chapter5/Figures/Structure.pdf>
Package pdftex.def Info: Chapter5/Figures/Structure.pdf used on input line 129.

(pdftex.def)             Requested size: 451.68752pt x 205.94875pt.
 [64 <./Chapter5/Figures/Structure.pdf>]

Package hyperref Warning: Token not allowed in a PDF string (PDFDocEncoding):
(hyperref)                removing `math shift' on input line 160.


Package hyperref Warning: Token not allowed in a PDF string (PDFDocEncoding):
(hyperref)                removing `\tau' on input line 160.


Package hyperref Warning: Token not allowed in a PDF string (PDFDocEncoding):
(hyperref)                removing `math shift' on input line 160.


Package hyperref Warning: Token not allowed in a PDF string (PDFDocEncoding):
(hyperref)                removing `math shift' on input line 160.


Package hyperref Warning: Token not allowed in a PDF string (PDFDocEncoding):
(hyperref)                removing `subscript' on input line 160.


Package hyperref Warning: Token not allowed in a PDF string (PDFDocEncoding):
(hyperref)                removing `math shift' on input line 160.

<Chapter5/Figures/roltau.pdf, id=2375, 493.845pt x 390.45876pt>
File: Chapter5/Figures/roltau.pdf Graphic file (type pdf)

<use Chapter5/Figures/roltau.pdf>
Package pdftex.def Info: Chapter5/Figures/roltau.pdf used on input line 164.
(pdftex.def)             Requested size: 338.76563pt x 267.84393pt.
 [65] [66 <./Chapter5/Figures/roltau.pdf>]
Package epstopdf Info: Source file: <Chapter5/Figures/PowSpec.eps>
(epstopdf)                    date: 2015-05-30 16:44:00
(epstopdf)                    size: 653030 bytes
(epstopdf)             Output file: <Chapter5/Figures/PowSpec-eps-converted-to.
pdf>
(epstopdf)                    date: 2015-05-30 16:44:07
(epstopdf)                    size: 17213 bytes
(epstopdf)             Command: <repstopdf --outfile=Chapter5/Figures/PowSpec-e
ps-converted-to.pdf Chapter5/Figures/PowSpec.eps>
(epstopdf)             \includegraphics on input line 190.
Package epstopdf Info: Output file is already uptodate.

<Chapter5/Figures/PowSpec-eps-converted-to.pdf, id=2423, 468.75125pt x 390.4587
6pt>
File: Chapter5/Figures/PowSpec-eps-converted-to.pdf Graphic file (type pdf)
 <use Chapter5/Figures/PowSpec-eps-converted-to.pdf>
Package pdftex.def Info: Chapter5/Figures/PowSpec-eps-converted-to.pdf used on 
input line 190.
(pdftex.def)             Requested size: 361.35138pt x 300.99376pt.

<Chapter5/Figures/br10_004_1800_100.pdf, id=2425, 448.07399pt x 187.902pt>
File: Chapter5/Figures/br10_004_1800_100.pdf Graphic file (type pdf)

<use Chapter5/Figures/br10_004_1800_100.pdf>
Package pdftex.def Info: Chapter5/Figures/br10_004_1800_100.pdf used on input l
ine 200.
(pdftex.def)             Requested size: 361.35138pt x 151.53746pt.

<Chapter5/Figures/btor10_004_1800.pdf, id=2427, 301.36589pt x 386.64452pt>
File: Chapter5/Figures/btor10_004_1800.pdf Graphic file (type pdf)

<use Chapter5/Figures/btor10_004_1800.pdf>
Package pdftex.def Info: Chapter5/Figures/btor10_004_1800.pdf used on input lin
e 209.
(pdftex.def)             Requested size: 180.67224pt x 231.7997pt.

<Chapter5/Figures/btor11_004_1631.pdf, id=2428, 301.36589pt x 386.616pt>
File: Chapter5/Figures/btor11_004_1631.pdf Graphic file (type pdf)

<use Chapter5/Figures/btor11_004_1631.pdf>
Package pdftex.def Info: Chapter5/Figures/btor11_004_1631.pdf used on input lin
e 215.
(pdftex.def)             Requested size: 180.67224pt x 231.78261pt.

<Chapter5/Figures/utor11_001_1100-1330.pdf, id=2436, 271.0125pt x 355.997pt>
File: Chapter5/Figures/utor11_001_1100-1330.pdf Graphic file (type pdf)

<use Chapter5/Figures/utor11_001_1100-1330.pdf>
Package pdftex.def Info: Chapter5/Figures/utor11_001_1100-1330.pdf used on inpu
t line 224.
(pdftex.def)             Requested size: 180.67224pt x 237.33797pt.
 [67] [68 <./Chapter5/Figures/PowSpec-eps-converted-to.pdf> <./Chapter5/Figures
/br10_004_1800_100.pdf>]
[69 <./Chapter5/Figures/btor10_004_1800.pdf> <./Chapter5/Figures/btor11_004_163
1.pdf

pdfTeX warning: /usr/texbin/pdflatex (file ./Chapter5/Figures/btor11_004_1631.p
df): PDF inclusion: multiple pdfs with page group included in a single page
> <./Chapter5/Figures/utor11_001_1100-1330.pdf>]
<Chapter5/Figures/bph10_004_1800_100.pdf, id=4722, 448.07399pt x 187.902pt>
File: Chapter5/Figures/bph10_004_1800_100.pdf Graphic file (type pdf)

<use Chapter5/Figures/bph10_004_1800_100.pdf>
Package pdftex.def Info: Chapter5/Figures/bph10_004_1800_100.pdf used on input 
line 235.
(pdftex.def)             Requested size: 361.35138pt x 151.53746pt.

<Chapter5/Figures/bph11_004_1631_100.pdf, id=4723, 448.07399pt x 187.902pt>
File: Chapter5/Figures/bph11_004_1631_100.pdf Graphic file (type pdf)

<use Chapter5/Figures/bph11_004_1631_100.pdf>
Package pdftex.def Info: Chapter5/Figures/bph11_004_1631_100.pdf used on input 
line 242.
(pdftex.def)             Requested size: 361.35138pt x 151.53746pt.

<Chapter5/Figures/br11_004_1631_100.pdf, id=4730, 448.07399pt x 187.902pt>
File: Chapter5/Figures/br11_004_1631_100.pdf Graphic file (type pdf)

<use Chapter5/Figures/br11_004_1631_100.pdf>
Package pdftex.def Info: Chapter5/Figures/br11_004_1631_100.pdf used on input l
ine 253.
(pdftex.def)             Requested size: 361.35138pt x 151.53746pt.

<Chapter5/Figures/br11_004_1631_104.pdf, id=4734, 448.07399pt x 187.902pt>
File: Chapter5/Figures/br11_004_1631_104.pdf Graphic file (type pdf)

<use Chapter5/Figures/br11_004_1631_104.pdf>
Package pdftex.def Info: Chapter5/Figures/br11_004_1631_104.pdf used on input l
ine 260.
(pdftex.def)             Requested size: 361.35138pt x 151.53746pt.
 [70 <./Chapter5/Figures/bph10_004_1800_100.pdf> <./Chapter5/Figures/bph11_004_
1631_100.pdf

pdfTeX warning: /usr/texbin/pdflatex (file ./Chapter5/Figures/bph11_004_1631_10
0.pdf): PDF inclusion: multiple pdfs with page group included in a single page
>] <Chapter5/Figures/br11_004_1631_surf.pdf, id=8745, 654.94687pt x 260.975pt>
File: Chapter5/Figures/br11_004_1631_surf.pdf Graphic file (type pdf)

<use Chapter5/Figures/br11_004_1631_surf.pdf>
Package pdftex.def Info: Chapter5/Figures/br11_004_1631_surf.pdf used on input 
line 268.
(pdftex.def)             Requested size: 451.68752pt x 179.98135pt.
 [71 <./Chapter5/Figures/br11_004_1631_100.pdf> <./Chapter5/Figures/br11_004_16
31_104.pdf

pdfTeX warning: /usr/texbin/pdflatex (file ./Chapter5/Figures/br11_004_1631_104
.pdf): PDF inclusion: multiple pdfs with page group included in a single page
>] [72 <./Chapter5/Figures/br11_004_1631_surf.pdf>]) [73]
\openout2 = `Chapter6/chapter6.aux'.


(./Chapter6/chapter6.tex [74



]
Chapter 6.

Package hyperref Warning: Difference (2) between bookmark levels is greater 
(hyperref)                than one, level fixed on input line 7.


LaTeX Warning: Reference `smith2012' on page 75 undefined on input line 10.

[75]) [76]
\openout2 = `Appendix1/appendix1.aux'.

 (./Appendix1/appendix1.tex
Appendix A.

Underfull \vbox (badness 10000) has occurred while \output is active []

 [77



]
Underfull \vbox (badness 10000) has occurred while \output is active []

 [78]
Overfull \hbox (2.22862pt too wide) detected at line 107
 []$[]   [] \OML/cmm/m/it/10 P[] [] \OT1/cmr/m/n/10 = [] [] \OML/cmm/m/it/10 t[
]T[] [][] [][] \OMS/cmsy/m/n/10 ^^A []$ 
 []


Underfull \vbox (badness 10000) has occurred while \output is active []

 [79]
Underfull \vbox (badness 10000) has occurred while \output is active []

 [80]
LaTeX Font Info:    Font shape `OMS/cmr/m/n' in size <10> not available
(Font)              Font shape `OMS/cmsy/m/n' tried instead on input line 150.

<Appendix1/figures/interaction-differentialrotation.pdf, id=10482, 386.34839pt 
x 140.14659pt>
File: Appendix1/figures/interaction-differentialrotation.pdf Graphic file (type
 pdf)
 <use Appendix1/figures/interaction-differentialrotation.pdf>
Package pdftex.def Info: Appendix1/figures/interaction-differentialrotation.pdf
 used on input line 170.
(pdftex.def)             Requested size: 203.258pt x 73.72989pt.

<Appendix1/figures/interaction-complicated.pdf, id=10485, 869.2475pt x 406.5187
5pt>
File: Appendix1/figures/interaction-complicated.pdf Graphic file (type pdf)
 <use Appendix1/figures/interaction-complicated.pdf>
Package pdftex.def Info: Appendix1/figures/interaction-complicated.pdf used on 
input line 177.
(pdftex.def)             Requested size: 451.68752pt x 211.24208pt.
) [81] [82 <./Appendix1/figures/interaction-differentialrotation.pdf> <./Append
ix1/figures/interaction-complicated.pdf>] [83]
\openout2 = `Appendix2/appendix2.aux'.

 (./Appendix2/appendix2.tex [84



]
Appendix B.

Underfull \vbox (badness 1622) has occurred while \output is active []

 [85]
<Appendix2/figures/fdip.pdf, id=10590, 243.58504pt x 256.37181pt>
File: Appendix2/figures/fdip.pdf Graphic file (type pdf)

<use Appendix2/figures/fdip.pdf>
Package pdftex.def Info: Appendix2/figures/fdip.pdf used on input line 39.
(pdftex.def)             Requested size: 225.84375pt x 237.7035pt.

Underfull \vbox (badness 7981) has occurred while \output is active []

 [86 <./Appendix2/figures/fdip.pdf>]) [87] (./thesis.bbl [88


] [89] [90]
Missing character: There is no Õ in font cmr10!
Missing character: There is no Õ in font cmr10!
Missing character: There is no Õ in font cmr10!
 [91]
Missing character: There is no Õ in font cmr10!
 [92] [93]
Missing character: There is no Õ in font cmr10!

[94]
Missing character: There is no Õ in font cmr10!
 [95] [96]
Missing character: There is no Õ in font cmr10!
)
Package atveryend Info: Empty hook `BeforeClearDocument' on input line 215.
 [97]
Package atveryend Info: Empty hook `AfterLastShipout' on input line 215.
 (./thesis.aux (./Chapter1/chapter1.aux)
(./Chapter2/chapter2.aux) (./Chapter3/chapter3.aux) (./Chapter4/chapter4.aux)
(./Chapter5/chapter5.aux) (./Chapter6/chapter6.aux) (./Appendix1/appendix1.aux)
(./Appendix2/appendix2.aux))
Package atveryend Info: Executing hook `AtVeryEndDocument' on input line 215.
Package atveryend Info: Executing hook `AtEndAfterFileList' on input line 215.


Package rerunfilecheck Warning: File `thesis.out' has changed.
(rerunfilecheck)                Rerun to get outlines right
(rerunfilecheck)                or use package `bookmark'.

Package rerunfilecheck Info: Checksums for `thesis.out':
(rerunfilecheck)             Before: DD5E3D8FCE5D22B5CC245325B3A291AB;4223
(rerunfilecheck)             After:  0553CC9071101FD18D971A534AE146EA;4339.

LaTeX Warning: There were undefined references.

Package atveryend Info: Empty hook `AtVeryVeryEnd' on input line 215.
 ) 
Here is how much of TeX's memory you used:
 10539 strings out of 493109
 163702 string characters out of 6135004
 291335 words of memory out of 5000000
 13264 multiletter control sequences out of 15000+600000
 16648 words of font info for 64 fonts, out of 8000000 for 9000
 1141 hyphenation exceptions out of 8191
 39i,15n,55p,1767b,646s stack positions out of 5000i,500n,10000p,200000b,80000s
pdfTeX warning (dest): name{Hfootnote.2} has been referenced but does not exi
st, replaced by a fixed one

pdfTeX warning (dest): name{Hfootnote.1} has been referenced but does not exist
, replaced by a fixed one

</usr/local/texlive/2014/texmf-dist/fonts/type1/public/amsfonts/cm/cmbx10.pfb><
/usr/local/texlive/2014/texmf-dist/fonts/type1/public/amsfonts/cm/cmbx12.pfb></
usr/local/texlive/2014/texmf-dist/fonts/type1/public/amsfonts/cm/cmbx7.pfb></us
r/local/texlive/2014/texmf-dist/fonts/type1/public/amsfonts/cm/cmbx8.pfb></usr/
local/texlive/2014/texmf-dist/fonts/type1/public/amsfonts/cm/cmcsc10.pfb></usr/
local/texlive/2014/texmf-dist/fonts/type1/public/amsfonts/cm/cmex10.pfb></usr/l
ocal/texlive/2014/texmf-dist/fonts/type1/public/amsfonts/cm/cmmi10.pfb></usr/lo
cal/texlive/2014/texmf-dist/fonts/type1/public/amsfonts/cm/cmmi12.pfb></usr/loc
al/texlive/2014/texmf-dist/fonts/type1/public/amsfonts/cm/cmmi5.pfb></usr/local
/texlive/2014/texmf-dist/fonts/type1/public/amsfonts/cm/cmmi6.pfb></usr/local/t
exlive/2014/texmf-dist/fonts/type1/public/amsfonts/cm/cmmi7.pfb></usr/local/tex
live/2014/texmf-dist/fonts/type1/public/amsfonts/cm/cmmi8.pfb></usr/local/texli
ve/2014/texmf-dist/fonts/type1/public/amsfonts/cm/cmr10.pfb></usr/local/texlive
/2014/texmf-dist/fonts/type1/public/amsfonts/cm/cmr12.pfb></usr/local/texlive/2
014/texmf-dist/fonts/type1/public/amsfonts/cm/cmr5.pfb></usr/local/texlive/2014
/texmf-dist/fonts/type1/public/amsfonts/cm/cmr6.pfb></usr/local/texlive/2014/te
xmf-dist/fonts/type1/public/amsfonts/cm/cmr7.pfb></usr/local/texlive/2014/texmf
-dist/fonts/type1/public/amsfonts/cm/cmr8.pfb></usr/local/texlive/2014/texmf-di
st/fonts/type1/public/amsfonts/cm/cmr9.pfb></usr/local/texlive/2014/texmf-dist/
fonts/type1/public/amsfonts/cm/cmsl10.pfb></usr/local/texlive/2014/texmf-dist/f
onts/type1/public/amsfonts/cm/cmsy10.pfb></usr/local/texlive/2014/texmf-dist/fo
nts/type1/public/amsfonts/cm/cmsy7.pfb></usr/local/texlive/2014/texmf-dist/font
s/type1/public/amsfonts/cm/cmsy8.pfb></usr/local/texlive/2014/texmf-dist/fonts/
type1/public/amsfonts/cm/cmti10.pfb></usr/local/texlive/2014/texmf-dist/fonts/t
ype1/public/amsfonts/cm/cmtt10.pfb></usr/local/texlive/2014/texmf-dist/fonts/ty
pe1/public/stmaryrd/stmary10.pfb>
Output written on thesis.pdf (103 pages, 14013115 bytes).
PDF statistics:
 10882 PDF objects out of 12825 (max. 8388607)
 2297 compressed objects within 23 object streams
 473 named destinations out of 1000 (max. 500000)
 680 words of extra memory for PDF output out of 10000 (max. 10000000)

