\BOOKMARK [0][-]{chapter.1}{Introduction}{}% 1
\BOOKMARK [0][-]{chapter.2}{Dynamo Theory}{}% 2
\BOOKMARK [1][-]{section.2.1}{Maxwells Equations in Planetary Dynamos}{chapter.2}% 3
\BOOKMARK [2][-]{subsection.2.1.1}{The MHD Approximation}{section.2.1}% 4
\BOOKMARK [1][-]{section.2.2}{Magnetic Induction}{chapter.2}% 5
\BOOKMARK [2][-]{subsection.2.2.1}{Interpreting the Magnetic Induction Equation}{section.2.2}% 6
\BOOKMARK [1][-]{section.2.3}{Fluid Flow in Planetary Cores}{chapter.2}% 7
\BOOKMARK [2][-]{subsection.2.3.1}{Interpreting the Momentum Equation}{section.2.3}% 8
\BOOKMARK [2][-]{subsection.2.3.2}{Geostrophic Balance}{section.2.3}% 9
\BOOKMARK [2][-]{subsection.2.3.3}{Magnetostrophic Balance}{section.2.3}% 10
\BOOKMARK [1][-]{section.2.4}{Thermal Equation}{chapter.2}% 11
\BOOKMARK [2][-]{subsection.2.4.1}{Co-Density in the Momentum Equation}{section.2.4}% 12
\BOOKMARK [1][-]{section.2.5}{Non-Dimensionalization}{chapter.2}% 13
\BOOKMARK [1][-]{section.2.6}{Numerically Simulating the Dynamo}{chapter.2}% 14
\BOOKMARK [2][-]{subsection.2.6.1}{Boundary Conditions}{section.2.6}% 15
\BOOKMARK [2][-]{subsection.2.6.2}{Numerical Methods}{section.2.6}% 16
\BOOKMARK [1][-]{section.2.7}{Representing Planetary Magnetic Fields}{chapter.2}% 17
\BOOKMARK [0][-]{chapter.3}{The Effect of Lower Mantle Metallization on the Dynamos of Extra-Solar Terrestrial Planets}{}% 18
\BOOKMARK [1][-]{section.3.1}{Introduction}{chapter.3}% 19
\BOOKMARK [1][-]{section.3.2}{Super-Earths}{chapter.3}% 20
\BOOKMARK [1][-]{section.3.3}{Mantle Metallization}{chapter.3}% 21
\BOOKMARK [2][-]{subsection.3.3.1}{Band Gaps and Metallization}{section.3.3}% 22
\BOOKMARK [2][-]{subsection.3.3.2}{Mantle Metallization in Planets}{section.3.3}% 23
\BOOKMARK [1][-]{section.3.4}{Detectability}{chapter.3}% 24
\BOOKMARK [1][-]{section.3.5}{Expected Effects of Mantle Metallization on the Dynamo}{chapter.3}% 25
\BOOKMARK [1][-]{section.3.6}{Numerical Model}{chapter.3}% 26
\BOOKMARK [1][-]{section.3.7}{Results}{chapter.3}% 27
\BOOKMARK [1][-]{section.3.8}{Conclusions}{chapter.3}% 28
\BOOKMARK [0][-]{chapter.4}{Iron Snow Zones as a Cause for Mercury's Weak Observed Magnetic Field}{}% 29
\BOOKMARK [1][-]{section.4.1}{Introduction}{chapter.4}% 30
\BOOKMARK [2][-]{subsection.4.1.1}{Mercury's Internal Structure}{section.4.1}% 31
\BOOKMARK [2][-]{subsection.4.1.2}{Mercury's Magnetic Field}{section.4.1}% 32
\BOOKMARK [2][-]{subsection.4.1.3}{Dynamo Explanations for Mercury's Field}{section.4.1}% 33
\BOOKMARK [2][-]{subsection.4.1.4}{The State of Mercury's Core}{section.4.1}% 34
\BOOKMARK [1][-]{section.4.2}{Modelling a Snow Zone}{chapter.4}% 35
\BOOKMARK [1][-]{section.4.3}{Results}{chapter.4}% 36
\BOOKMARK [2][-]{subsection.4.3.1}{Dipole Moment}{section.4.3}% 37
\BOOKMARK [2][-]{subsection.4.3.2}{Velocity Fields}{section.4.3}% 38
\BOOKMARK [2][-]{subsection.4.3.3}{Magnetic Field}{section.4.3}% 39
\BOOKMARK [2][-]{subsection.4.3.4}{Dynamo Mechanism}{section.4.3}% 40
\BOOKMARK [1][-]{section.4.4}{Discussion}{chapter.4}% 41
\BOOKMARK [0][-]{chapter.5}{Iron Flotation Layers in Mercury}{}% 42
\BOOKMARK [1][-]{section.5.1}{Gravity }{chapter.5}% 43
\BOOKMARK [2][-]{subsection.5.1.1}{Introduction to Gravity}{section.5.1}% 44
\BOOKMARK [1][-]{section.5.2}{Physical Librations of Mercury}{chapter.5}% 45
\BOOKMARK [1][-]{section.5.3}{Determining the Interior Structure of Mercury}{chapter.5}% 46
\BOOKMARK [1][-]{section.5.4}{The Consequences of a Deep FeS Layer on Magnetic Field Generation in Mercury}{chapter.5}% 47
\BOOKMARK [1][-]{section.5.5}{Model}{chapter.5}% 48
\BOOKMARK [1][-]{section.5.6}{Results}{chapter.5}% 49
\BOOKMARK [2][-]{subsection.5.6.1}{Validating the \205Rol Scaling Law}{section.5.6}% 50
\BOOKMARK [2][-]{subsection.5.6.2}{Magnetic Field}{section.5.6}% 51
\BOOKMARK [1][-]{section.5.7}{Conclusion}{chapter.5}% 52
\BOOKMARK [0][-]{chapter.6}{Conclusions and Future Work}{}% 53
\BOOKMARK [1][-]{subsection.6.0.1}{The Magnetic Fields of Exoplanets with Metallized Mantles}{chapter.6}% 54
\BOOKMARK [2][-]{subsection.6.0.2}{The Magnetic Field of Mercury}{subsection.6.0.1}% 55
\BOOKMARK [2][-]{subsection.6.0.3}{Future Work}{subsection.6.0.1}% 56
\BOOKMARK [0][-]{appendix.A}{The Bullard-Gellman Formalism}{}% 57
\BOOKMARK [0][-]{appendix.B}{The Local Rossby Number}{}% 58
\BOOKMARK [0][-]{equation.B.0.7}{Bibliography}{}% 59
